<?xml version="1.0" encoding="UTF-8"?>
<testng-results ignored="0" total="2" passed="2" failed="0" skipped="0">
  <reporter-output>
  </reporter-output>
  <suite started-at="2023-04-26T23:17:56 PST" name="Default suite" finished-at="2023-04-26T23:18:30 PST" duration-ms="33711">
    <groups>
    </groups>
    <test started-at="2023-04-26T23:17:56 PST" name="Default test" finished-at="2023-04-26T23:18:30 PST" duration-ms="33711">
      <class name="Test_Scenarios.Test_Scenarios_Amazon">
        <test-method is-config="true" signature="beforeSuite()[pri:0, instance:Test_Scenarios.Test_Scenarios_Amazon@1a942c18]" started-at="2023-04-26T23:17:40 PST" name="beforeSuite" finished-at="2023-04-26T23:17:56 PST" duration-ms="16654" status="PASS">
          <reporter-output>
          </reporter-output>
        </test-method> <!-- beforeSuite -->
        <test-method is-config="true" signature="beforeTest()[pri:0, instance:Test_Scenarios.Test_Scenarios_Amazon@1a942c18]" started-at="2023-04-26T23:17:56 PST" name="beforeTest" finished-at="2023-04-26T23:18:06 PST" duration-ms="9661" status="PASS">
          <reporter-output>
          </reporter-output>
        </test-method> <!-- beforeTest -->
        <test-method signature="logInAmazon()[pri:0, instance:Test_Scenarios.Test_Scenarios_Amazon@1a942c18]" started-at="2023-04-26T23:18:06 PST" name="logInAmazon" finished-at="2023-04-26T23:18:18 PST" duration-ms="12389" status="PASS">
          <reporter-output>
          </reporter-output>
        </test-method> <!-- logInAmazon -->
        <test-method signature="checkoutInAmazon()[pri:1, instance:Test_Scenarios.Test_Scenarios_Amazon@1a942c18]" started-at="2023-04-26T23:18:18 PST" name="checkoutInAmazon" finished-at="2023-04-26T23:18:30 PST" duration-ms="11380" status="PASS">
          <reporter-output>
          </reporter-output>
        </test-method> <!-- checkoutInAmazon -->
        <test-method is-config="true" signature="afterTest()[pri:0, instance:Test_Scenarios.Test_Scenarios_Amazon@1a942c18]" started-at="2023-04-26T23:18:30 PST" name="afterTest" finished-at="2023-04-26T23:18:30 PST" duration-ms="220" status="PASS">
          <reporter-output>
          </reporter-output>
        </test-method> <!-- afterTest -->
        <test-method is-config="true" signature="afterSuite()[pri:0, instance:Test_Scenarios.Test_Scenarios_Amazon@1a942c18]" started-at="2023-04-26T23:18:35 PST" name="afterSuite" finished-at="2023-04-26T23:18:35 PST" duration-ms="227" status="PASS">
          <reporter-output>
          </reporter-output>
        </test-method> <!-- afterSuite -->
      </class> <!-- Test_Scenarios.Test_Scenarios_Amazon -->
    </test> <!-- Default test -->
  </suite> <!-- Default suite -->
</testng-results>
